<?xml version="1.0" encoding="UTF-8"?>
<testng-results ignored="0" total="1" passed="1" failed="0" skipped="0">
  <reporter-output>
  </reporter-output>
  <suite started-at="2024-09-28T18:45:56 IST" name="Default suite" finished-at="2024-09-28T18:48:37 IST" duration-ms="161158">
    <groups>
    </groups>
    <test started-at="2024-09-28T18:45:56 IST" name="Default test" finished-at="2024-09-28T18:48:37 IST" duration-ms="161158">
      <class name="Main.Pages.Test.BrokenLinkTest">
        <test-method is-config="true" signature="SetUp()[pri:0, instance:Main.Pages.Test.BrokenLinkTest@765d7657]" started-at="2024-09-28T18:45:56 IST" name="SetUp" finished-at="2024-09-28T18:48:37 IST" duration-ms="160703" status="PASS">
          <reporter-output>
          </reporter-output>
        </test-method> <!-- SetUp -->
        <test-method signature="getPageTitleTest()[pri:0, instance:Main.Pages.Test.BrokenLinkTest@765d7657]" started-at="2024-09-28T18:48:37 IST" name="getPageTitleTest" finished-at="2024-09-28T18:48:37 IST" duration-ms="173" status="PASS">
          <reporter-output>
          </reporter-output>
        </test-method> <!-- getPageTitleTest -->
      </class> <!-- Main.Pages.Test.BrokenLinkTest -->
    </test> <!-- Default test -->
  </suite> <!-- Default suite -->
</testng-results>
